Using pre-set license

 COMMAND LINE ARGUMENTS:
/Applications/Unity/Hub/Editor/2020.3.2f1/Unity.app/Contents/MacOS/Unity
-adb2
-batchMode
-noUpm
-name
AssetImportWorker0
-projectPath
/Users/mert/Desktop/Unity Projects/Zombie Runner
-logFile
Logs/AssetImportWorker0.log
-srvPort
49162
Successfully changed project path to: /Users/mert/Desktop/Unity Projects/Zombie Runner
/Users/mert/Desktop/Unity Projects/Zombie Runner
Using Asset Import Pipeline V2.
Refreshing native plugins compatible for Editor in 31.12 ms, found 1 plugins.
Preloading 0 native plugins for Editor in 0.00 ms.
Initialize engine version: 2020.3.2f1 (8fd9074bf66c)
[Subsystems] Discovering subsystems at path /Applications/Unity/Hub/Editor/2020.3.2f1/Unity.app/Contents/Resources/UnitySubsystems
[Subsystems] Discovering subsystems at path /Users/mert/Desktop/Unity Projects/Zombie Runner/Assets
GfxDevice: creating device client; threaded=0
2021-07-25 21:15:48.074 Unity[591:6810] Color LCD preferred device: Intel Iris Pro Graphics (low power)
2021-07-25 21:15:48.074 Unity[591:6810] Metal devices available: 2
2021-07-25 21:15:48.074 Unity[591:6810] 0: NVIDIA GeForce GT 750M (high power)
2021-07-25 21:15:48.075 Unity[591:6810] 1: Intel Iris Pro Graphics (low power)
2021-07-25 21:15:48.075 Unity[591:6810] Using device NVIDIA GeForce GT 750M (high power)
Initializing Metal device caps: NVIDIA GeForce GT 750M
Initialize mono
Mono path[0] = '/Applications/Unity/Hub/Editor/2020.3.2f1/Unity.app/Contents/Managed'
Mono path[1] = '/Applications/Unity/Hub/Editor/2020.3.2f1/Unity.app/Contents/MonoBleedingEdge/lib/mono/unityjit'
Mono config path = '/Applications/Unity/Hub/Editor/2020.3.2f1/Unity.app/Contents/MonoBleedingEdge/etc'
Using monoOptions --debugger-agent=transport=dt_socket,embedding=1,server=y,suspend=n,address=127.0.0.1:56591
Begin MonoManager ReloadAssembly
Registering precompiled unity dll's ...
Register platform support module: /Applications/Unity/Hub/Editor/2020.3.2f1/PlaybackEngines/WebGLSupport/UnityEditor.WebGL.Extensions.dll
Register platform support module: /Applications/Unity/Hub/Editor/2020.3.2f1/Unity.app/Contents/PlaybackEngines/MacStandaloneSupport/UnityEditor.OSXStandalone.Extensions.dll
Register platform support module: /Applications/Unity/Hub/Editor/2020.3.2f1/PlaybackEngines/WindowsStandaloneSupport/UnityEditor.WindowsStandalone.Extensions.dll
Registered in 0.000949 seconds.
Native extension for WindowsStandalone target not found
Native extension for OSXStandalone target not found
Native extension for WebGL target not found
Refreshing native plugins compatible for Editor in 30.86 ms, found 1 plugins.
Preloading 0 native plugins for Editor in 0.00 ms.
Invoked RoslynAnalysisRunner static constructor.
RoslynAnalysisRunner will not be running.
RoslynAnalysisRunner has terminated.
Mono: successfully reloaded assembly
- Completed reload, in  4.907 seconds
Platform modules already initialized, skipping
Registering precompiled user dll's ...
Registered in 0.000416 seconds.
Begin MonoManager ReloadAssembly
Native extension for WindowsStandalone target not found
Native extension for OSXStandalone target not found
Native extension for WebGL target not found
Refreshing native plugins compatible for Editor in 0.29 ms, found 1 plugins.
Preloading 0 native plugins for Editor in 0.00 ms.
Invoked RoslynAnalysisRunner static constructor.
RoslynAnalysisRunner will not be running.
RoslynAnalysisRunner has terminated.
Mono: successfully reloaded assembly
- Completed reload, in  1.025 seconds
Platform modules already initialized, skipping
========================================================================
Worker process is ready to serve import requests
Launching external process: /Applications/Unity/Hub/Editor/2020.3.2f1/Unity.app/Contents/Tools/UnityShaderCompiler
Launched and connected shader compiler UnityShaderCompiler after 0.01 seconds
Refreshing native plugins compatible for Editor in 0.33 ms, found 1 plugins.
Preloading 0 native plugins for Editor in 0.00 ms.
Unloading 1212 Unused Serialized files (Serialized files now loaded: 0)
System memory in use before: 129.3 MB.
System memory in use after: 128.9 MB.

Unloading 12 unused Assets to reduce memory usage. Loaded Objects now: 1664.
Total: 2.596173 ms (FindLiveObjects: 0.179053 ms CreateObjectMapping: 0.046021 ms MarkObjects: 1.835505 ms  DeleteObjects: 0.533923 ms)

========================================================================
Received Import Request.
  path: Assets/Scripts/Weapon.cs
  artifactKey: Guid(d3bba24686cd94fcbacd2ad5ecef11e0) Importer(815301076,1909f56bfc062723c751e8b465ee728b)
Start importing Assets/Scripts/Weapon.cs using Guid(d3bba24686cd94fcbacd2ad5ecef11e0) Importer(815301076,1909f56bfc062723c751e8b465ee728b)  -> (artifact id: '07ab54a85027bdb0a35921c9c89f053e') in 0.374079 seconds
  Import took 0.378094 seconds .

========================================================================
Received Import Request.
  Time since last request: 681.426386 seconds.
  path: Assets/Animations
  artifactKey: Guid(21095a9793faa459d8c7143011a31765) Importer(815301076,1909f56bfc062723c751e8b465ee728b)
Start importing Assets/Animations using Guid(21095a9793faa459d8c7143011a31765) Importer(815301076,1909f56bfc062723c751e8b465ee728b)  -> (artifact id: 'f1e9691df8ed9c30fa18d7fbc133d54e') in 0.002039 seconds
  Import took 0.004516 seconds .

========================================================================
Received Import Request.
  Time since last request: 24.808962 seconds.
  path: Assets/Animations/Enemy.controller
  artifactKey: Guid(1a102fd34247345f1ab15502ff3e2cb0) Importer(815301076,1909f56bfc062723c751e8b465ee728b)
Start importing Assets/Animations/Enemy.controller using Guid(1a102fd34247345f1ab15502ff3e2cb0) Importer(815301076,1909f56bfc062723c751e8b465ee728b)  -> (artifact id: 'a74693c1d1b9e43c0d80c9a661ab4069') in 1.213553 seconds
  Import took 1.216076 seconds .

========================================================================
Received Prepare
Registering precompiled user dll's ...
Registered in 0.000562 seconds.
Begin MonoManager ReloadAssembly
Native extension for WindowsStandalone target not found
Native extension for OSXStandalone target not found
Native extension for WebGL target not found
Refreshing native plugins compatible for Editor in 0.29 ms, found 1 plugins.
Preloading 0 native plugins for Editor in 0.00 ms.
Invoked RoslynAnalysisRunner static constructor.
RoslynAnalysisRunner will not be running.
RoslynAnalysisRunner has terminated.
Mono: successfully reloaded assembly
- Completed reload, in  0.906 seconds
Platform modules already initialized, skipping
Refreshing native plugins compatible for Editor in 0.29 ms, found 1 plugins.
Preloading 0 native plugins for Editor in 0.00 ms.
Unloading 1192 Unused Serialized files (Serialized files now loaded: 0)
System memory in use before: 136.7 MB.
System memory in use after: 136.3 MB.

Unloading 7 unused Assets to reduce memory usage. Loaded Objects now: 1667.
Total: 3.070953 ms (FindLiveObjects: 0.237108 ms CreateObjectMapping: 0.050631 ms MarkObjects: 2.101736 ms  DeleteObjects: 0.679904 ms)

========================================================================
Received Import Request.
  Time since last request: 521.697628 seconds.
  path: Assets/Animations/Test Animation Delete.anim
  artifactKey: Guid(29ea6371a8d9d4f01a4e57ee92f1df03) Importer(815301076,1909f56bfc062723c751e8b465ee728b)
Start importing Assets/Animations/Test Animation Delete.anim using Guid(29ea6371a8d9d4f01a4e57ee92f1df03) Importer(815301076,1909f56bfc062723c751e8b465ee728b)  -> (artifact id: '8652b3740e6e329cb3602a208859a9b5') in 0.347188 seconds
  Import took 0.350243 seconds .

========================================================================
Received Prepare
Registering precompiled user dll's ...
Registered in 0.000388 seconds.
Begin MonoManager ReloadAssembly
Native extension for WindowsStandalone target not found
Native extension for OSXStandalone target not found
Native extension for WebGL target not found
Refreshing native plugins compatible for Editor in 0.34 ms, found 1 plugins.
Preloading 0 native plugins for Editor in 0.00 ms.
Invoked RoslynAnalysisRunner static constructor.
RoslynAnalysisRunner will not be running.
RoslynAnalysisRunner has terminated.
Mono: successfully reloaded assembly
- Completed reload, in  1.019 seconds
Platform modules already initialized, skipping
Refreshing native plugins compatible for Editor in 0.31 ms, found 1 plugins.
Preloading 0 native plugins for Editor in 0.00 ms.
Unloading 1192 Unused Serialized files (Serialized files now loaded: 0)
System memory in use before: 141.2 MB.
System memory in use after: 140.8 MB.

Unloading 7 unused Assets to reduce memory usage. Loaded Objects now: 1670.
Total: 2.902766 ms (FindLiveObjects: 0.174920 ms CreateObjectMapping: 0.041760 ms MarkObjects: 2.024715 ms  DeleteObjects: 0.660038 ms)

========================================================================
Received Import Request.
  Time since last request: 1058.377396 seconds.
  path: Assets/Animations/Enemy.controller
  artifactKey: Guid(1a102fd34247345f1ab15502ff3e2cb0) Importer(815301076,1909f56bfc062723c751e8b465ee728b)
Start importing Assets/Animations/Enemy.controller using Guid(1a102fd34247345f1ab15502ff3e2cb0) Importer(815301076,1909f56bfc062723c751e8b465ee728b)  -> (artifact id: '0bb30c38398bebad93eb3e77c3efa465') in 0.016807 seconds
  Import took 0.019212 seconds .

========================================================================
Received Import Request.
  Time since last request: 30.670220 seconds.
  path: Assets/Animations/Test Animation Delete.anim
  artifactKey: Guid(29ea6371a8d9d4f01a4e57ee92f1df03) Importer(815301076,1909f56bfc062723c751e8b465ee728b)
Start importing Assets/Animations/Test Animation Delete.anim using Guid(29ea6371a8d9d4f01a4e57ee92f1df03) Importer(815301076,1909f56bfc062723c751e8b465ee728b)  -> (artifact id: '42523580264d27db2bc39edf8e4a12d2') in 0.004133 seconds
  Import took 0.006461 seconds .

========================================================================
Received Import Request.
  Time since last request: 0.008270 seconds.
  path: Assets/Animations/Test Animation Delete.anim
  artifactKey: Guid(29ea6371a8d9d4f01a4e57ee92f1df03) Importer(815301076,1909f56bfc062723c751e8b465ee728b)
Start importing Assets/Animations/Test Animation Delete.anim using Guid(29ea6371a8d9d4f01a4e57ee92f1df03) Importer(815301076,1909f56bfc062723c751e8b465ee728b)  -> (artifact id: '42523580264d27db2bc39edf8e4a12d2') in 0.001749 seconds
  Import took 0.003671 seconds .

========================================================================
Received Import Request.
  Time since last request: 23.020643 seconds.
  path: Assets/Animations/Idle Anim - Placeholder.anim
  artifactKey: Guid(29ea6371a8d9d4f01a4e57ee92f1df03) Importer(815301076,1909f56bfc062723c751e8b465ee728b)
Start importing Assets/Animations/Idle Anim - Placeholder.anim using Guid(29ea6371a8d9d4f01a4e57ee92f1df03) Importer(815301076,1909f56bfc062723c751e8b465ee728b)  -> (artifact id: '3675f22992e474af4cca85a06be7dc5f') in 0.002218 seconds
  Import took 0.004568 seconds .

========================================================================
Received Import Request.
  Time since last request: 30.262610 seconds.
  path: Assets/Animations/Attack Anime - Placeholder.anim
  artifactKey: Guid(b93d958e4cf2f4d5c8db341a1b4d4206) Importer(815301076,1909f56bfc062723c751e8b465ee728b)
Start importing Assets/Animations/Attack Anime - Placeholder.anim using Guid(b93d958e4cf2f4d5c8db341a1b4d4206) Importer(815301076,1909f56bfc062723c751e8b465ee728b)  -> (artifact id: 'f795ca1c2967fa8371da4f6d909fbb26') in 0.004064 seconds
  Import took 0.006649 seconds .

========================================================================
Received Prepare
Registering precompiled user dll's ...
Registered in 0.000403 seconds.
Begin MonoManager ReloadAssembly
Native extension for WindowsStandalone target not found
Native extension for OSXStandalone target not found
Native extension for WebGL target not found
Refreshing native plugins compatible for Editor in 0.33 ms, found 1 plugins.
Preloading 0 native plugins for Editor in 0.00 ms.
Invoked RoslynAnalysisRunner static constructor.
RoslynAnalysisRunner will not be running.
RoslynAnalysisRunner has terminated.
Mono: successfully reloaded assembly
- Completed reload, in  0.963 seconds
Platform modules already initialized, skipping
Refreshing native plugins compatible for Editor in 0.29 ms, found 1 plugins.
Preloading 0 native plugins for Editor in 0.00 ms.
Unloading 1192 Unused Serialized files (Serialized files now loaded: 0)
System memory in use before: 141.4 MB.
System memory in use after: 141.0 MB.

Unloading 7 unused Assets to reduce memory usage. Loaded Objects now: 1673.
Total: 2.473716 ms (FindLiveObjects: 0.161258 ms CreateObjectMapping: 0.042656 ms MarkObjects: 1.694009 ms  DeleteObjects: 0.574198 ms)

========================================================================
Received Prepare
Registering precompiled user dll's ...
Registered in 0.000398 seconds.
Begin MonoManager ReloadAssembly
Native extension for WindowsStandalone target not found
Native extension for OSXStandalone target not found
Native extension for WebGL target not found
Refreshing native plugins compatible for Editor in 0.74 ms, found 1 plugins.
Preloading 0 native plugins for Editor in 0.00 ms.
Invoked RoslynAnalysisRunner static constructor.
RoslynAnalysisRunner will not be running.
RoslynAnalysisRunner has terminated.
Mono: successfully reloaded assembly
- Completed reload, in  1.124 seconds
Platform modules already initialized, skipping
Refreshing native plugins compatible for Editor in 0.31 ms, found 1 plugins.
Preloading 0 native plugins for Editor in 0.00 ms.
Unloading 1192 Unused Serialized files (Serialized files now loaded: 0)
System memory in use before: 141.7 MB.
System memory in use after: 141.3 MB.

Unloading 7 unused Assets to reduce memory usage. Loaded Objects now: 1676.
Total: 3.453017 ms (FindLiveObjects: 0.212093 ms CreateObjectMapping: 0.076025 ms MarkObjects: 2.527010 ms  DeleteObjects: 0.636515 ms)

========================================================================
Received Prepare
Registering precompiled user dll's ...
Registered in 0.000468 seconds.
Begin MonoManager ReloadAssembly
Native extension for WindowsStandalone target not found
Native extension for OSXStandalone target not found
Native extension for WebGL target not found
Refreshing native plugins compatible for Editor in 0.31 ms, found 1 plugins.
Preloading 0 native plugins for Editor in 0.00 ms.
Invoked RoslynAnalysisRunner static constructor.
RoslynAnalysisRunner will not be running.
RoslynAnalysisRunner has terminated.
Mono: successfully reloaded assembly
- Completed reload, in  0.971 seconds
Platform modules already initialized, skipping
Refreshing native plugins compatible for Editor in 0.34 ms, found 1 plugins.
Preloading 0 native plugins for Editor in 0.00 ms.
Unloading 1192 Unused Serialized files (Serialized files now loaded: 0)
System memory in use before: 142.0 MB.
System memory in use after: 141.6 MB.

Unloading 7 unused Assets to reduce memory usage. Loaded Objects now: 1679.
Total: 4.242980 ms (FindLiveObjects: 0.309497 ms CreateObjectMapping: 0.082587 ms MarkObjects: 2.847995 ms  DeleteObjects: 1.000239 ms)

========================================================================
Received Prepare
Registering precompiled user dll's ...
Registered in 0.000487 seconds.
Begin MonoManager ReloadAssembly
Native extension for WindowsStandalone target not found
Native extension for OSXStandalone target not found
Native extension for WebGL target not found
Refreshing native plugins compatible for Editor in 0.30 ms, found 1 plugins.
Preloading 0 native plugins for Editor in 0.00 ms.
Invoked RoslynAnalysisRunner static constructor.
RoslynAnalysisRunner will not be running.
RoslynAnalysisRunner has terminated.
Mono: successfully reloaded assembly
- Completed reload, in  0.930 seconds
Platform modules already initialized, skipping
Refreshing native plugins compatible for Editor in 0.30 ms, found 1 plugins.
Preloading 0 native plugins for Editor in 0.00 ms.
Unloading 1192 Unused Serialized files (Serialized files now loaded: 0)
System memory in use before: 142.2 MB.
System memory in use after: 141.8 MB.

Unloading 7 unused Assets to reduce memory usage. Loaded Objects now: 1682.
Total: 3.321496 ms (FindLiveObjects: 0.195676 ms CreateObjectMapping: 0.043852 ms MarkObjects: 2.133973 ms  DeleteObjects: 0.946228 ms)

========================================================================
Received Import Request.
  Time since last request: 2660.956624 seconds.
  path: Assets/Scripts/EnemyAttack.cs
  artifactKey: Guid(f001fe3ef95394d2c83f70ba63c11b99) Importer(815301076,1909f56bfc062723c751e8b465ee728b)
Start importing Assets/Scripts/EnemyAttack.cs using Guid(f001fe3ef95394d2c83f70ba63c11b99) Importer(815301076,1909f56bfc062723c751e8b465ee728b)  -> (artifact id: '81a9db7bc8e724b8bd8792482f4d3a68') in 0.006328 seconds
  Import took 0.008686 seconds .

========================================================================
Received Prepare
Registering precompiled user dll's ...
Registered in 0.000439 seconds.
Begin MonoManager ReloadAssembly
Native extension for WindowsStandalone target not found
Native extension for OSXStandalone target not found
Native extension for WebGL target not found
Refreshing native plugins compatible for Editor in 0.33 ms, found 1 plugins.
Preloading 0 native plugins for Editor in 0.00 ms.
Invoked RoslynAnalysisRunner static constructor.
RoslynAnalysisRunner will not be running.
RoslynAnalysisRunner has terminated.
Mono: successfully reloaded assembly
- Completed reload, in  0.943 seconds
Platform modules already initialized, skipping
Refreshing native plugins compatible for Editor in 0.31 ms, found 1 plugins.
Preloading 0 native plugins for Editor in 0.00 ms.
Unloading 1193 Unused Serialized files (Serialized files now loaded: 0)
System memory in use before: 142.5 MB.
System memory in use after: 142.1 MB.

Unloading 7 unused Assets to reduce memory usage. Loaded Objects now: 1686.
Total: 3.100782 ms (FindLiveObjects: 0.236736 ms CreateObjectMapping: 0.046620 ms MarkObjects: 2.152546 ms  DeleteObjects: 0.663677 ms)

========================================================================
Received Prepare
Registering precompiled user dll's ...
Registered in 0.000409 seconds.
Begin MonoManager ReloadAssembly
Native extension for WindowsStandalone target not found
Native extension for OSXStandalone target not found
Native extension for WebGL target not found
Refreshing native plugins compatible for Editor in 0.32 ms, found 1 plugins.
Preloading 0 native plugins for Editor in 0.00 ms.
Invoked RoslynAnalysisRunner static constructor.
RoslynAnalysisRunner will not be running.
RoslynAnalysisRunner has terminated.
Mono: successfully reloaded assembly
- Completed reload, in  0.991 seconds
Platform modules already initialized, skipping
Refreshing native plugins compatible for Editor in 0.33 ms, found 1 plugins.
Preloading 0 native plugins for Editor in 0.00 ms.
Unloading 1193 Unused Serialized files (Serialized files now loaded: 0)
System memory in use before: 142.8 MB.
System memory in use after: 142.4 MB.

Unloading 7 unused Assets to reduce memory usage. Loaded Objects now: 1689.
Total: 3.302959 ms (FindLiveObjects: 0.190294 ms CreateObjectMapping: 0.045960 ms MarkObjects: 2.378550 ms  DeleteObjects: 0.686327 ms)

========================================================================
Received Import Request.
  Time since last request: 136.506803 seconds.
  path: Assets/Scripts/EnemyAttack.cs
  artifactKey: Guid(f001fe3ef95394d2c83f70ba63c11b99) Importer(815301076,1909f56bfc062723c751e8b465ee728b)
Start importing Assets/Scripts/EnemyAttack.cs using Guid(f001fe3ef95394d2c83f70ba63c11b99) Importer(815301076,1909f56bfc062723c751e8b465ee728b)  -> (artifact id: '8f6bb7813cfb8436aa44d4264379b3d3') in 0.005292 seconds
  Import took 0.007850 seconds .

========================================================================
Received Prepare
Registering precompiled user dll's ...
Registered in 0.000369 seconds.
Begin MonoManager ReloadAssembly
Native extension for WindowsStandalone target not found
Native extension for OSXStandalone target not found
Native extension for WebGL target not found
Refreshing native plugins compatible for Editor in 0.31 ms, found 1 plugins.
Preloading 0 native plugins for Editor in 0.00 ms.
Invoked RoslynAnalysisRunner static constructor.
RoslynAnalysisRunner will not be running.
RoslynAnalysisRunner has terminated.
Mono: successfully reloaded assembly
- Completed reload, in  1.002 seconds
Platform modules already initialized, skipping
Refreshing native plugins compatible for Editor in 0.36 ms, found 1 plugins.
Preloading 0 native plugins for Editor in 0.00 ms.
Unloading 1193 Unused Serialized files (Serialized files now loaded: 0)
System memory in use before: 143.0 MB.
System memory in use after: 142.6 MB.

Unloading 7 unused Assets to reduce memory usage. Loaded Objects now: 1692.
Total: 3.025388 ms (FindLiveObjects: 0.220753 ms CreateObjectMapping: 0.045063 ms MarkObjects: 2.105455 ms  DeleteObjects: 0.652556 ms)

========================================================================
Received Import Request.
  Time since last request: 421.938451 seconds.
  path: Assets/Scripts/PlayerHealth.cs
  artifactKey: Guid(824fc3fd748ec4d1f98ceab9a7531492) Importer(815301076,1909f56bfc062723c751e8b465ee728b)
Start importing Assets/Scripts/PlayerHealth.cs using Guid(824fc3fd748ec4d1f98ceab9a7531492) Importer(815301076,1909f56bfc062723c751e8b465ee728b)  -> (artifact id: '33c1094eb1cdca0a960d77e848525b99') in 0.006147 seconds
  Import took 0.008503 seconds .

========================================================================
Received Prepare
Registering precompiled user dll's ...
Registered in 0.000444 seconds.
Begin MonoManager ReloadAssembly
Native extension for WindowsStandalone target not found
Native extension for OSXStandalone target not found
Native extension for WebGL target not found
Refreshing native plugins compatible for Editor in 0.29 ms, found 1 plugins.
Preloading 0 native plugins for Editor in 0.00 ms.
Invoked RoslynAnalysisRunner static constructor.
RoslynAnalysisRunner will not be running.
RoslynAnalysisRunner has terminated.
Mono: successfully reloaded assembly
- Completed reload, in  0.941 seconds
Platform modules already initialized, skipping
Refreshing native plugins compatible for Editor in 0.31 ms, found 1 plugins.
Preloading 0 native plugins for Editor in 0.00 ms.
Unloading 1194 Unused Serialized files (Serialized files now loaded: 0)
System memory in use before: 143.3 MB.
System memory in use after: 142.9 MB.

Unloading 7 unused Assets to reduce memory usage. Loaded Objects now: 1696.
Total: 2.555394 ms (FindLiveObjects: 0.166031 ms CreateObjectMapping: 0.042084 ms MarkObjects: 1.729389 ms  DeleteObjects: 0.616604 ms)

========================================================================
Received Prepare
Registering precompiled user dll's ...
Registered in 0.000439 seconds.
Begin MonoManager ReloadAssembly
Native extension for WindowsStandalone target not found
Native extension for OSXStandalone target not found
Native extension for WebGL target not found
Refreshing native plugins compatible for Editor in 0.31 ms, found 1 plugins.
Preloading 0 native plugins for Editor in 0.00 ms.
Invoked RoslynAnalysisRunner static constructor.
RoslynAnalysisRunner will not be running.
RoslynAnalysisRunner has terminated.
Mono: successfully reloaded assembly
- Completed reload, in  0.963 seconds
Platform modules already initialized, skipping
Refreshing native plugins compatible for Editor in 0.34 ms, found 1 plugins.
Preloading 0 native plugins for Editor in 0.00 ms.
Unloading 1194 Unused Serialized files (Serialized files now loaded: 0)
System memory in use before: 143.6 MB.
System memory in use after: 143.1 MB.

Unloading 7 unused Assets to reduce memory usage. Loaded Objects now: 1699.
Total: 3.475808 ms (FindLiveObjects: 0.267736 ms CreateObjectMapping: 0.078872 ms MarkObjects: 2.343028 ms  DeleteObjects: 0.783360 ms)

========================================================================
Received Import Request.
  Time since last request: 303.208709 seconds.
  path: Assets/Scripts/PlayerHealth.cs
  artifactKey: Guid(824fc3fd748ec4d1f98ceab9a7531492) Importer(815301076,1909f56bfc062723c751e8b465ee728b)
Start importing Assets/Scripts/PlayerHealth.cs using Guid(824fc3fd748ec4d1f98ceab9a7531492) Importer(815301076,1909f56bfc062723c751e8b465ee728b)  -> (artifact id: '6951fcd2c083c9d38c85052734481e02') in 0.006083 seconds
  Import took 0.009428 seconds .

========================================================================
Received Import Request.
  Time since last request: 61.255493 seconds.
  path: Assets/Standard Assets/Prototyping/Models
  artifactKey: Guid(244e48ea2b590df4eb7841878685db1e) Importer(815301076,1909f56bfc062723c751e8b465ee728b)
Start importing Assets/Standard Assets/Prototyping/Models using Guid(244e48ea2b590df4eb7841878685db1e) Importer(815301076,1909f56bfc062723c751e8b465ee728b)  -> (artifact id: '72e7d6e1f888d2aac260ca2c9ad090a1') in 0.001371 seconds
  Import took 0.003678 seconds .

========================================================================
Received Import Request.
  Time since last request: 30.308521 seconds.
  path: Assets/Standard Assets/Characters/FirstPersonCharacter/Prefabs/Player.prefab
  artifactKey: Guid(c6453f8e1f814744d8b94e5a6d1f9942) Importer(815301076,1909f56bfc062723c751e8b465ee728b)
Start importing Assets/Standard Assets/Characters/FirstPersonCharacter/Prefabs/Player.prefab using Guid(c6453f8e1f814744d8b94e5a6d1f9942) Importer(815301076,1909f56bfc062723c751e8b465ee728b)  -> (artifact id: '2483b7a828325084f2549311a0a66db3') in 0.434987 seconds
  Import took 0.438267 seconds .

========================================================================
Received Prepare
Registering precompiled user dll's ...
Registered in 0.000404 seconds.
Begin MonoManager ReloadAssembly
Native extension for WindowsStandalone target not found
Native extension for OSXStandalone target not found
Native extension for WebGL target not found
Refreshing native plugins compatible for Editor in 0.30 ms, found 1 plugins.
Preloading 0 native plugins for Editor in 0.00 ms.
Invoked RoslynAnalysisRunner static constructor.
RoslynAnalysisRunner will not be running.
RoslynAnalysisRunner has terminated.
Mono: successfully reloaded assembly
- Completed reload, in  0.967 seconds
Platform modules already initialized, skipping
Refreshing native plugins compatible for Editor in 0.30 ms, found 1 plugins.
Preloading 0 native plugins for Editor in 0.00 ms.
Unloading 1194 Unused Serialized files (Serialized files now loaded: 0)
System memory in use before: 151.6 MB.
System memory in use after: 151.1 MB.

Unloading 7 unused Assets to reduce memory usage. Loaded Objects now: 1709.
Total: 3.084425 ms (FindLiveObjects: 0.240670 ms CreateObjectMapping: 0.180885 ms MarkObjects: 2.090335 ms  DeleteObjects: 0.571260 ms)

========================================================================
Received Prepare
Registering precompiled user dll's ...
Registered in 0.000448 seconds.
Begin MonoManager ReloadAssembly
Native extension for WindowsStandalone target not found
Native extension for OSXStandalone target not found
Native extension for WebGL target not found
Refreshing native plugins compatible for Editor in 0.30 ms, found 1 plugins.
Preloading 0 native plugins for Editor in 0.00 ms.
Invoked RoslynAnalysisRunner static constructor.
RoslynAnalysisRunner will not be running.
RoslynAnalysisRunner has terminated.
Mono: successfully reloaded assembly
- Completed reload, in  0.956 seconds
Platform modules already initialized, skipping
Refreshing native plugins compatible for Editor in 0.38 ms, found 1 plugins.
Preloading 0 native plugins for Editor in 0.00 ms.
Unloading 1194 Unused Serialized files (Serialized files now loaded: 0)
System memory in use before: 151.9 MB.
System memory in use after: 151.4 MB.

Unloading 7 unused Assets to reduce memory usage. Loaded Objects now: 1712.
Total: 3.050457 ms (FindLiveObjects: 0.235657 ms CreateObjectMapping: 0.048472 ms MarkObjects: 2.047251 ms  DeleteObjects: 0.717189 ms)

========================================================================
Received Prepare
Registering precompiled user dll's ...
Registered in 0.000463 seconds.
Begin MonoManager ReloadAssembly
Native extension for WindowsStandalone target not found
Native extension for OSXStandalone target not found
Native extension for WebGL target not found
Refreshing native plugins compatible for Editor in 0.31 ms, found 1 plugins.
Preloading 0 native plugins for Editor in 0.00 ms.
Invoked RoslynAnalysisRunner static constructor.
RoslynAnalysisRunner will not be running.
RoslynAnalysisRunner has terminated.
Mono: successfully reloaded assembly
- Completed reload, in  0.945 seconds
Platform modules already initialized, skipping
Refreshing native plugins compatible for Editor in 0.28 ms, found 1 plugins.
Preloading 0 native plugins for Editor in 0.00 ms.
Unloading 1194 Unused Serialized files (Serialized files now loaded: 0)
System memory in use before: 152.0 MB.
System memory in use after: 151.6 MB.

Unloading 7 unused Assets to reduce memory usage. Loaded Objects now: 1715.
Total: 3.288146 ms (FindLiveObjects: 0.250521 ms CreateObjectMapping: 0.057425 ms MarkObjects: 2.165376 ms  DeleteObjects: 0.812882 ms)

========================================================================
Received Prepare
Registering precompiled user dll's ...
Registered in 0.000371 seconds.
Begin MonoManager ReloadAssembly
Native extension for WindowsStandalone target not found
Native extension for OSXStandalone target not found
Native extension for WebGL target not found
Refreshing native plugins compatible for Editor in 0.31 ms, found 1 plugins.
Preloading 0 native plugins for Editor in 0.00 ms.
Invoked RoslynAnalysisRunner static constructor.
RoslynAnalysisRunner will not be running.
RoslynAnalysisRunner has terminated.
Mono: successfully reloaded assembly
- Completed reload, in  1.012 seconds
Platform modules already initialized, skipping
Refreshing native plugins compatible for Editor in 0.31 ms, found 1 plugins.
Preloading 0 native plugins for Editor in 0.00 ms.
Unloading 1194 Unused Serialized files (Serialized files now loaded: 0)
System memory in use before: 152.3 MB.
System memory in use after: 151.9 MB.

Unloading 7 unused Assets to reduce memory usage. Loaded Objects now: 1718.
Total: 2.817596 ms (FindLiveObjects: 0.211325 ms CreateObjectMapping: 0.064660 ms MarkObjects: 1.910326 ms  DeleteObjects: 0.630289 ms)

========================================================================
Received Prepare
Registering precompiled user dll's ...
Registered in 0.000524 seconds.
Begin MonoManager ReloadAssembly
Native extension for WindowsStandalone target not found
Native extension for OSXStandalone target not found
Native extension for WebGL target not found
Refreshing native plugins compatible for Editor in 0.29 ms, found 1 plugins.
Preloading 0 native plugins for Editor in 0.00 ms.
Invoked RoslynAnalysisRunner static constructor.
RoslynAnalysisRunner will not be running.
RoslynAnalysisRunner has terminated.
Mono: successfully reloaded assembly
- Completed reload, in  0.936 seconds
Platform modules already initialized, skipping
Refreshing native plugins compatible for Editor in 0.29 ms, found 1 plugins.
Preloading 0 native plugins for Editor in 0.00 ms.
Unloading 1194 Unused Serialized files (Serialized files now loaded: 0)
System memory in use before: 152.8 MB.
System memory in use after: 152.3 MB.

Unloading 7 unused Assets to reduce memory usage. Loaded Objects now: 1721.
Total: 3.182991 ms (FindLiveObjects: 0.251169 ms CreateObjectMapping: 0.058923 ms MarkObjects: 2.067891 ms  DeleteObjects: 0.803051 ms)

========================================================================
Received Prepare
Registering precompiled user dll's ...
Registered in 0.000459 seconds.
Begin MonoManager ReloadAssembly
Native extension for WindowsStandalone target not found
Native extension for OSXStandalone target not found
Native extension for WebGL target not found
Refreshing native plugins compatible for Editor in 0.29 ms, found 1 plugins.
Preloading 0 native plugins for Editor in 0.00 ms.
Invoked RoslynAnalysisRunner static constructor.
RoslynAnalysisRunner will not be running.
RoslynAnalysisRunner has terminated.
Mono: successfully reloaded assembly
- Completed reload, in  0.934 seconds
Platform modules already initialized, skipping
Refreshing native plugins compatible for Editor in 0.32 ms, found 1 plugins.
Preloading 0 native plugins for Editor in 0.00 ms.
Unloading 1194 Unused Serialized files (Serialized files now loaded: 0)
System memory in use before: 153.0 MB.
System memory in use after: 152.6 MB.

Unloading 7 unused Assets to reduce memory usage. Loaded Objects now: 1724.
Total: 4.194918 ms (FindLiveObjects: 0.300384 ms CreateObjectMapping: 0.080897 ms MarkObjects: 2.820331 ms  DeleteObjects: 0.991021 ms)

========================================================================
Received Prepare
Registering precompiled user dll's ...
Registered in 0.000466 seconds.
Begin MonoManager ReloadAssembly
Native extension for WindowsStandalone target not found
Native extension for OSXStandalone target not found
Native extension for WebGL target not found
Refreshing native plugins compatible for Editor in 0.34 ms, found 1 plugins.
Preloading 0 native plugins for Editor in 0.00 ms.
Invoked RoslynAnalysisRunner static constructor.
RoslynAnalysisRunner will not be running.
RoslynAnalysisRunner has terminated.
Mono: successfully reloaded assembly
- Completed reload, in  0.935 seconds
Platform modules already initialized, skipping
Refreshing native plugins compatible for Editor in 0.29 ms, found 1 plugins.
Preloading 0 native plugins for Editor in 0.00 ms.
Unloading 1194 Unused Serialized files (Serialized files now loaded: 0)
System memory in use before: 153.3 MB.
System memory in use after: 152.8 MB.

Unloading 7 unused Assets to reduce memory usage. Loaded Objects now: 1727.
Total: 3.171151 ms (FindLiveObjects: 0.202805 ms CreateObjectMapping: 0.054613 ms MarkObjects: 2.067896 ms  DeleteObjects: 0.843560 ms)

========================================================================
Received Prepare
Registering precompiled user dll's ...
Registered in 0.000411 seconds.
Begin MonoManager ReloadAssembly
Native extension for WindowsStandalone target not found
Native extension for OSXStandalone target not found
Native extension for WebGL target not found
Refreshing native plugins compatible for Editor in 0.58 ms, found 1 plugins.
Preloading 0 native plugins for Editor in 0.00 ms.
Invoked RoslynAnalysisRunner static constructor.
RoslynAnalysisRunner will not be running.
RoslynAnalysisRunner has terminated.
Mono: successfully reloaded assembly
- Completed reload, in  1.035 seconds
Platform modules already initialized, skipping
Refreshing native plugins compatible for Editor in 0.31 ms, found 1 plugins.
Preloading 0 native plugins for Editor in 0.00 ms.
Unloading 1194 Unused Serialized files (Serialized files now loaded: 0)
System memory in use before: 153.5 MB.
System memory in use after: 153.1 MB.

Unloading 7 unused Assets to reduce memory usage. Loaded Objects now: 1730.
Total: 3.025238 ms (FindLiveObjects: 0.216415 ms CreateObjectMapping: 0.075388 ms MarkObjects: 2.049706 ms  DeleteObjects: 0.682587 ms)

========================================================================
Received Prepare
Registering precompiled user dll's ...
Registered in 0.000466 seconds.
Begin MonoManager ReloadAssembly
Native extension for WindowsStandalone target not found
Native extension for OSXStandalone target not found
Native extension for WebGL target not found
Refreshing native plugins compatible for Editor in 0.31 ms, found 1 plugins.
Preloading 0 native plugins for Editor in 0.00 ms.
Invoked RoslynAnalysisRunner static constructor.
RoslynAnalysisRunner will not be running.
RoslynAnalysisRunner has terminated.
Mono: successfully reloaded assembly
- Completed reload, in  0.942 seconds
Platform modules already initialized, skipping
Refreshing native plugins compatible for Editor in 0.28 ms, found 1 plugins.
Preloading 0 native plugins for Editor in 0.00 ms.
Unloading 1194 Unused Serialized files (Serialized files now loaded: 0)
System memory in use before: 153.8 MB.
System memory in use after: 153.4 MB.

Unloading 7 unused Assets to reduce memory usage. Loaded Objects now: 1733.
Total: 3.565391 ms (FindLiveObjects: 0.303874 ms CreateObjectMapping: 0.081817 ms MarkObjects: 2.369143 ms  DeleteObjects: 0.808045 ms)

========================================================================
Received Import Request.
  Time since last request: 1909.056440 seconds.
  path: Assets/Asset Packs/Fonts
  artifactKey: Guid(253959c5a08e74fca89ea7016ecd7d7d) Importer(815301076,1909f56bfc062723c751e8b465ee728b)
Start importing Assets/Asset Packs/Fonts using Guid(253959c5a08e74fca89ea7016ecd7d7d) Importer(815301076,1909f56bfc062723c751e8b465ee728b)  -> (artifact id: '401f2fa4a4919efe588054ca090e36de') in 0.005234 seconds
  Import took 0.008120 seconds .

========================================================================
Received Import Request.
  Time since last request: 874.027254 seconds.
  path: Assets/Scripts/SceneLoader.cs
  artifactKey: Guid(7d01725b595584aec95ede8b8db95fc5) Importer(815301076,1909f56bfc062723c751e8b465ee728b)
Start importing Assets/Scripts/SceneLoader.cs using Guid(7d01725b595584aec95ede8b8db95fc5) Importer(815301076,1909f56bfc062723c751e8b465ee728b)  -> (artifact id: 'e7ac99141c7e19410bcd6d187c86c004') in 0.005147 seconds
  Import took 0.007565 seconds .

========================================================================
Received Prepare
Registering precompiled user dll's ...
Registered in 0.000458 seconds.
Begin MonoManager ReloadAssembly
Native extension for WindowsStandalone target not found
Native extension for OSXStandalone target not found
Native extension for WebGL target not found
Refreshing native plugins compatible for Editor in 0.29 ms, found 1 plugins.
Preloading 0 native plugins for Editor in 0.00 ms.
Invoked RoslynAnalysisRunner static constructor.
RoslynAnalysisRunner will not be running.
RoslynAnalysisRunner has terminated.
Mono: successfully reloaded assembly
- Completed reload, in  0.954 seconds
Platform modules already initialized, skipping
Refreshing native plugins compatible for Editor in 0.29 ms, found 1 plugins.
Preloading 0 native plugins for Editor in 0.00 ms.
Unloading 1208 Unused Serialized files (Serialized files now loaded: 0)
System memory in use before: 157.0 MB.
System memory in use after: 155.9 MB.

Unloading 20 unused Assets to reduce memory usage. Loaded Objects now: 1737.
Total: 3.798664 ms (FindLiveObjects: 0.258529 ms CreateObjectMapping: 0.058108 ms MarkObjects: 2.248814 ms  DeleteObjects: 1.231479 ms)

========================================================================
Received Import Request.
  Time since last request: 203.683494 seconds.
  path: Assets/Scripts/SceneLoader.cs
  artifactKey: Guid(7d01725b595584aec95ede8b8db95fc5) Importer(815301076,1909f56bfc062723c751e8b465ee728b)
Start importing Assets/Scripts/SceneLoader.cs using Guid(7d01725b595584aec95ede8b8db95fc5) Importer(815301076,1909f56bfc062723c751e8b465ee728b)  -> (artifact id: '2edf92b07823e8ae2bb0738b97193df3') in 0.007213 seconds
  Import took 0.009837 seconds .

========================================================================
Received Import Request.
  Time since last request: 89.443458 seconds.
  path: Assets/Scripts/SceneLoader.cs
  artifactKey: Guid(7d01725b595584aec95ede8b8db95fc5) Importer(815301076,1909f56bfc062723c751e8b465ee728b)
Start importing Assets/Scripts/SceneLoader.cs using Guid(7d01725b595584aec95ede8b8db95fc5) Importer(815301076,1909f56bfc062723c751e8b465ee728b)  -> (artifact id: '2f7935584f5d9720e93e78b957a708db') in 0.004237 seconds
  Import took 0.006699 seconds .

========================================================================
Received Prepare
Registering precompiled user dll's ...
Registered in 0.000491 seconds.
Begin MonoManager ReloadAssembly
Native extension for WindowsStandalone target not found
Native extension for OSXStandalone target not found
Native extension for WebGL target not found
Refreshing native plugins compatible for Editor in 0.30 ms, found 1 plugins.
Preloading 0 native plugins for Editor in 0.00 ms.
Invoked RoslynAnalysisRunner static constructor.
RoslynAnalysisRunner will not be running.
RoslynAnalysisRunner has terminated.
Mono: successfully reloaded assembly
- Completed reload, in  0.981 seconds
Platform modules already initialized, skipping
Refreshing native plugins compatible for Editor in 0.31 ms, found 1 plugins.
Preloading 0 native plugins for Editor in 0.00 ms.
Unloading 1208 Unused Serialized files (Serialized files now loaded: 0)
System memory in use before: 157.2 MB.
System memory in use after: 156.2 MB.

Unloading 20 unused Assets to reduce memory usage. Loaded Objects now: 1740.
Total: 3.300244 ms (FindLiveObjects: 0.234068 ms CreateObjectMapping: 0.045558 ms MarkObjects: 1.954992 ms  DeleteObjects: 1.064479 ms)

========================================================================
Received Prepare
Registering precompiled user dll's ...
Registered in 0.000383 seconds.
Begin MonoManager ReloadAssembly
Native extension for WindowsStandalone target not found
Native extension for OSXStandalone target not found
Native extension for WebGL target not found
Refreshing native plugins compatible for Editor in 0.31 ms, found 1 plugins.
Preloading 0 native plugins for Editor in 0.00 ms.
Invoked RoslynAnalysisRunner static constructor.
RoslynAnalysisRunner will not be running.
RoslynAnalysisRunner has terminated.
Mono: successfully reloaded assembly
- Completed reload, in  1.003 seconds
Platform modules already initialized, skipping
Refreshing native plugins compatible for Editor in 0.35 ms, found 1 plugins.
Preloading 0 native plugins for Editor in 0.00 ms.
Unloading 1209 Unused Serialized files (Serialized files now loaded: 0)
System memory in use before: 157.5 MB.
System memory in use after: 156.5 MB.

Unloading 20 unused Assets to reduce memory usage. Loaded Objects now: 1744.
Total: 3.164078 ms (FindLiveObjects: 0.216260 ms CreateObjectMapping: 0.046747 ms MarkObjects: 1.850956 ms  DeleteObjects: 1.049000 ms)

========================================================================
Received Import Request.
  Time since last request: 223.997833 seconds.
  path: Assets/Scripts/DeathHandler.cs
  artifactKey: Guid(5f5038586113f4071b78a74b705b0ea0) Importer(815301076,1909f56bfc062723c751e8b465ee728b)
Start importing Assets/Scripts/DeathHandler.cs using Guid(5f5038586113f4071b78a74b705b0ea0) Importer(815301076,1909f56bfc062723c751e8b465ee728b)  -> (artifact id: '10da8716c6bbdef5ff6b85aa92706f47') in 0.007484 seconds
  Import took 0.010301 seconds .

========================================================================
Received Prepare
Registering precompiled user dll's ...
Registered in 0.000478 seconds.
Begin MonoManager ReloadAssembly
Native extension for WindowsStandalone target not found
Native extension for OSXStandalone target not found
Native extension for WebGL target not found
Refreshing native plugins compatible for Editor in 0.34 ms, found 1 plugins.
Preloading 0 native plugins for Editor in 0.00 ms.
Invoked RoslynAnalysisRunner static constructor.
RoslynAnalysisRunner will not be running.
RoslynAnalysisRunner has terminated.
Mono: successfully reloaded assembly
- Completed reload, in  0.987 seconds
Platform modules already initialized, skipping
Refreshing native plugins compatible for Editor in 0.32 ms, found 1 plugins.
Preloading 0 native plugins for Editor in 0.00 ms.
Unloading 1209 Unused Serialized files (Serialized files now loaded: 0)
System memory in use before: 157.8 MB.
System memory in use after: 156.7 MB.

Unloading 20 unused Assets to reduce memory usage. Loaded Objects now: 1747.
Total: 3.866414 ms (FindLiveObjects: 0.318287 ms CreateObjectMapping: 0.156026 ms MarkObjects: 2.096554 ms  DeleteObjects: 1.293737 ms)

========================================================================
Received Prepare
Registering precompiled user dll's ...
Registered in 0.000439 seconds.
Begin MonoManager ReloadAssembly
Native extension for WindowsStandalone target not found
Native extension for OSXStandalone target not found
Native extension for WebGL target not found
Refreshing native plugins compatible for Editor in 0.31 ms, found 1 plugins.
Preloading 0 native plugins for Editor in 0.00 ms.
Invoked RoslynAnalysisRunner static constructor.
RoslynAnalysisRunner will not be running.
RoslynAnalysisRunner has terminated.
Mono: successfully reloaded assembly
- Completed reload, in  0.974 seconds
Platform modules already initialized, skipping
Refreshing native plugins compatible for Editor in 0.31 ms, found 1 plugins.
Preloading 0 native plugins for Editor in 0.00 ms.
Unloading 1209 Unused Serialized files (Serialized files now loaded: 0)
System memory in use before: 158.0 MB.
System memory in use after: 157.0 MB.

Unloading 20 unused Assets to reduce memory usage. Loaded Objects now: 1750.
Total: 3.646551 ms (FindLiveObjects: 0.262195 ms CreateObjectMapping: 0.057761 ms MarkObjects: 2.096072 ms  DeleteObjects: 1.228776 ms)

========================================================================
Received Import Request.
  Time since last request: 40.134244 seconds.
  path: Assets/Scripts/DeathHandler.cs
  artifactKey: Guid(5f5038586113f4071b78a74b705b0ea0) Importer(815301076,1909f56bfc062723c751e8b465ee728b)
Start importing Assets/Scripts/DeathHandler.cs using Guid(5f5038586113f4071b78a74b705b0ea0) Importer(815301076,1909f56bfc062723c751e8b465ee728b)  -> (artifact id: '8d766680a4cd595b8d3d5094c4114304') in 0.007702 seconds
  Import took 0.010595 seconds .

========================================================================
Received Prepare
Registering precompiled user dll's ...
Registered in 0.000469 seconds.
Begin MonoManager ReloadAssembly
Native extension for WindowsStandalone target not found
Native extension for OSXStandalone target not found
Native extension for WebGL target not found
Refreshing native plugins compatible for Editor in 0.30 ms, found 1 plugins.
Preloading 0 native plugins for Editor in 0.00 ms.
Invoked RoslynAnalysisRunner static constructor.
RoslynAnalysisRunner will not be running.
RoslynAnalysisRunner has terminated.
Mono: successfully reloaded assembly
- Completed reload, in  0.959 seconds
Platform modules already initialized, skipping
Refreshing native plugins compatible for Editor in 0.29 ms, found 1 plugins.
Preloading 0 native plugins for Editor in 0.00 ms.
Unloading 1209 Unused Serialized files (Serialized files now loaded: 0)
System memory in use before: 158.3 MB.
System memory in use after: 157.2 MB.

Unloading 20 unused Assets to reduce memory usage. Loaded Objects now: 1753.
Total: 4.170920 ms (FindLiveObjects: 0.318520 ms CreateObjectMapping: 0.082637 ms MarkObjects: 2.504044 ms  DeleteObjects: 1.262837 ms)

========================================================================
Received Prepare
Registering precompiled user dll's ...
Registered in 0.000456 seconds.
Begin MonoManager ReloadAssembly
Native extension for WindowsStandalone target not found
Native extension for OSXStandalone target not found
Native extension for WebGL target not found
Refreshing native plugins compatible for Editor in 0.32 ms, found 1 plugins.
Preloading 0 native plugins for Editor in 0.00 ms.
Invoked RoslynAnalysisRunner static constructor.
RoslynAnalysisRunner will not be running.
RoslynAnalysisRunner has terminated.
Mono: successfully reloaded assembly
- Completed reload, in  0.952 seconds
Platform modules already initialized, skipping
Refreshing native plugins compatible for Editor in 0.29 ms, found 1 plugins.
Preloading 0 native plugins for Editor in 0.00 ms.
Unloading 1209 Unused Serialized files (Serialized files now loaded: 0)
System memory in use before: 158.5 MB.
System memory in use after: 157.5 MB.

Unloading 20 unused Assets to reduce memory usage. Loaded Objects now: 1756.
Total: 3.699945 ms (FindLiveObjects: 0.209857 ms CreateObjectMapping: 0.056714 ms MarkObjects: 2.094346 ms  DeleteObjects: 1.337141 ms)

========================================================================
Received Prepare
Registering precompiled user dll's ...
Registered in 0.000453 seconds.
Begin MonoManager ReloadAssembly
Native extension for WindowsStandalone target not found
Native extension for OSXStandalone target not found
Native extension for WebGL target not found
Refreshing native plugins compatible for Editor in 0.29 ms, found 1 plugins.
Preloading 0 native plugins for Editor in 0.00 ms.
Invoked RoslynAnalysisRunner static constructor.
RoslynAnalysisRunner will not be running.
RoslynAnalysisRunner has terminated.
Mono: successfully reloaded assembly
- Completed reload, in  0.951 seconds
Platform modules already initialized, skipping
Refreshing native plugins compatible for Editor in 0.32 ms, found 1 plugins.
Preloading 0 native plugins for Editor in 0.00 ms.
Unloading 1209 Unused Serialized files (Serialized files now loaded: 0)
System memory in use before: 158.8 MB.
System memory in use after: 157.7 MB.

Unloading 20 unused Assets to reduce memory usage. Loaded Objects now: 1759.
Total: 3.589605 ms (FindLiveObjects: 0.211124 ms CreateObjectMapping: 0.055657 ms MarkObjects: 2.077393 ms  DeleteObjects: 1.243636 ms)

========================================================================
Received Prepare
Registering precompiled user dll's ...
Registered in 0.000504 seconds.
Begin MonoManager ReloadAssembly
Native extension for WindowsStandalone target not found
Native extension for OSXStandalone target not found
Native extension for WebGL target not found
Refreshing native plugins compatible for Editor in 0.29 ms, found 1 plugins.
Preloading 0 native plugins for Editor in 0.00 ms.
Invoked RoslynAnalysisRunner static constructor.
RoslynAnalysisRunner will not be running.
RoslynAnalysisRunner has terminated.
Mono: successfully reloaded assembly
- Completed reload, in  0.953 seconds
Platform modules already initialized, skipping
Refreshing native plugins compatible for Editor in 0.33 ms, found 1 plugins.
Preloading 0 native plugins for Editor in 0.00 ms.
Unloading 1209 Unused Serialized files (Serialized files now loaded: 0)
System memory in use before: 159.1 MB.
System memory in use after: 158.0 MB.

Unloading 20 unused Assets to reduce memory usage. Loaded Objects now: 1762.
Total: 4.269137 ms (FindLiveObjects: 0.314823 ms CreateObjectMapping: 0.084257 ms MarkObjects: 2.524205 ms  DeleteObjects: 1.343295 ms)

========================================================================
Received Prepare
Registering precompiled user dll's ...
Registered in 0.000445 seconds.
Begin MonoManager ReloadAssembly
Native extension for WindowsStandalone target not found
Native extension for OSXStandalone target not found
Native extension for WebGL target not found
Refreshing native plugins compatible for Editor in 0.31 ms, found 1 plugins.
Preloading 0 native plugins for Editor in 0.00 ms.
Invoked RoslynAnalysisRunner static constructor.
RoslynAnalysisRunner will not be running.
RoslynAnalysisRunner has terminated.
Mono: successfully reloaded assembly
- Completed reload, in  0.963 seconds
Platform modules already initialized, skipping
Refreshing native plugins compatible for Editor in 0.29 ms, found 1 plugins.
Preloading 0 native plugins for Editor in 0.00 ms.
Unloading 1209 Unused Serialized files (Serialized files now loaded: 0)
System memory in use before: 159.3 MB.
System memory in use after: 158.2 MB.

Unloading 20 unused Assets to reduce memory usage. Loaded Objects now: 1765.
Total: 3.577850 ms (FindLiveObjects: 0.212884 ms CreateObjectMapping: 0.057589 ms MarkObjects: 2.100923 ms  DeleteObjects: 1.204494 ms)

========================================================================
Received Prepare
Registering precompiled user dll's ...
Registered in 0.000394 seconds.
Begin MonoManager ReloadAssembly
Native extension for WindowsStandalone target not found
Native extension for OSXStandalone target not found
Native extension for WebGL target not found
Refreshing native plugins compatible for Editor in 0.37 ms, found 1 plugins.
Preloading 0 native plugins for Editor in 0.00 ms.
Invoked RoslynAnalysisRunner static constructor.
RoslynAnalysisRunner will not be running.
RoslynAnalysisRunner has terminated.
Mono: successfully reloaded assembly
- Completed reload, in  1.059 seconds
Platform modules already initialized, skipping
Refreshing native plugins compatible for Editor in 0.32 ms, found 1 plugins.
Preloading 0 native plugins for Editor in 0.00 ms.
Unloading 1209 Unused Serialized files (Serialized files now loaded: 0)
System memory in use before: 159.6 MB.
System memory in use after: 158.5 MB.

Unloading 20 unused Assets to reduce memory usage. Loaded Objects now: 1768.
Total: 3.380696 ms (FindLiveObjects: 0.207213 ms CreateObjectMapping: 0.047622 ms MarkObjects: 2.046223 ms  DeleteObjects: 1.078428 ms)

========================================================================
Received Prepare
Registering precompiled user dll's ...
Registered in 0.000514 seconds.
Begin MonoManager ReloadAssembly
Native extension for WindowsStandalone target not found
Native extension for OSXStandalone target not found
Native extension for WebGL target not found
Refreshing native plugins compatible for Editor in 0.30 ms, found 1 plugins.
Preloading 0 native plugins for Editor in 0.00 ms.
Invoked RoslynAnalysisRunner static constructor.
RoslynAnalysisRunner will not be running.
RoslynAnalysisRunner has terminated.
Mono: successfully reloaded assembly
- Completed reload, in  0.955 seconds
Platform modules already initialized, skipping
Refreshing native plugins compatible for Editor in 0.32 ms, found 1 plugins.
Preloading 0 native plugins for Editor in 0.00 ms.
Unloading 1209 Unused Serialized files (Serialized files now loaded: 0)
System memory in use before: 159.8 MB.
System memory in use after: 158.7 MB.

Unloading 20 unused Assets to reduce memory usage. Loaded Objects now: 1771.
Total: 4.675724 ms (FindLiveObjects: 0.318522 ms CreateObjectMapping: 0.082930 ms MarkObjects: 2.785391 ms  DeleteObjects: 1.485339 ms)

========================================================================
Received Prepare
Registering precompiled user dll's ...
Registered in 0.000409 seconds.
Begin MonoManager ReloadAssembly
Native extension for WindowsStandalone target not found
Native extension for OSXStandalone target not found
Native extension for WebGL target not found
Refreshing native plugins compatible for Editor in 0.38 ms, found 1 plugins.
Preloading 0 native plugins for Editor in 0.00 ms.
Invoked RoslynAnalysisRunner static constructor.
RoslynAnalysisRunner will not be running.
RoslynAnalysisRunner has terminated.
Mono: successfully reloaded assembly
- Completed reload, in  1.000 seconds
Platform modules already initialized, skipping
Refreshing native plugins compatible for Editor in 0.40 ms, found 1 plugins.
Preloading 0 native plugins for Editor in 0.00 ms.
Unloading 1209 Unused Serialized files (Serialized files now loaded: 0)
System memory in use before: 160.1 MB.
System memory in use after: 159.0 MB.

Unloading 20 unused Assets to reduce memory usage. Loaded Objects now: 1774.
Total: 3.911782 ms (FindLiveObjects: 0.226542 ms CreateObjectMapping: 0.049442 ms MarkObjects: 2.323253 ms  DeleteObjects: 1.311248 ms)

========================================================================
Received Prepare
Registering precompiled user dll's ...
Registered in 0.000519 seconds.
Begin MonoManager ReloadAssembly
Native extension for WindowsStandalone target not found
Native extension for OSXStandalone target not found
Native extension for WebGL target not found
Refreshing native plugins compatible for Editor in 0.30 ms, found 1 plugins.
Preloading 0 native plugins for Editor in 0.00 ms.
Invoked RoslynAnalysisRunner static constructor.
RoslynAnalysisRunner will not be running.
RoslynAnalysisRunner has terminated.
Mono: successfully reloaded assembly
- Completed reload, in  0.951 seconds
Platform modules already initialized, skipping
Refreshing native plugins compatible for Editor in 0.31 ms, found 1 plugins.
Preloading 0 native plugins for Editor in 0.00 ms.
Unloading 1209 Unused Serialized files (Serialized files now loaded: 0)
System memory in use before: 160.3 MB.
System memory in use after: 159.3 MB.

Unloading 20 unused Assets to reduce memory usage. Loaded Objects now: 1777.
Total: 3.814329 ms (FindLiveObjects: 0.264728 ms CreateObjectMapping: 0.058060 ms MarkObjects: 2.303563 ms  DeleteObjects: 1.186210 ms)

AssetImportWorkerClient::OnTransportError - code=2 error=End of file
